I, [2016-09-28T15:45:44.584267 #3920]  INFO -- airplay-debian-85: -----> Creating <airplay-debian-85>...
I, [2016-09-28T15:45:46.200306 #3920]  INFO -- airplay-debian-85: Bringing machine 'default' up with 'virtualbox' provider...
I, [2016-09-28T15:45:46.584551 #3920]  INFO -- airplay-debian-85: ==> default: Box 'bento/debian-8.5' could not be found. Attempting to find and install...
I, [2016-09-28T15:45:46.584719 #3920]  INFO -- airplay-debian-85:     default: Box Provider: virtualbox
I, [2016-09-28T15:45:46.584856 #3920]  INFO -- airplay-debian-85:     default: Box Version: >= 0
I, [2016-09-28T15:45:46.838964 #3920]  INFO -- airplay-debian-85: ==> default: Box file was not detected as metadata. Adding it directly...
I, [2016-09-28T15:45:46.839244 #3920]  INFO -- airplay-debian-85: ==> default: Adding box 'bento/debian-8.5' (v0) for provider: virtualbox
I, [2016-09-28T15:45:46.842849 #3920]  INFO -- airplay-debian-85:     default: Downloading: 
I, [2016-09-28T15:45:46.886812 #3920]  INFO -- airplay-debian-85: [K    default: Progress: 0% (Rate: 0/s, Estimated time remaining: --:--:--)[KThe "metadata.json" file for the box 'bento/debian-8.5' was not found.
I, [2016-09-28T15:45:46.886895 #3920]  INFO -- airplay-debian-85: Boxes require this file in order for Vagrant to determine the
I, [2016-09-28T15:45:46.886970 #3920]  INFO -- airplay-debian-85: provider it was made for. If you made the box, please add a
I, [2016-09-28T15:45:46.894490 #3920]  INFO -- airplay-debian-85: "metadata.json" file to it. If someone else made the box, please
I, [2016-09-28T15:45:46.894546 #3920]  INFO -- airplay-debian-85: notify the box creator that the box is corrupt. Documentation for
I, [2016-09-28T15:45:46.894585 #3920]  INFO -- airplay-debian-85: box file format can be found at the URL below:
I, [2016-09-28T15:45:46.894612 #3920]  INFO -- airplay-debian-85: 
I, [2016-09-28T15:45:46.894635 #3920]  INFO -- airplay-debian-85: https://www.vagrantup.com/docs/boxes/format.html
E, [2016-09-28T15:45:46.950408 #3920] ERROR -- airplay-debian-85: Create failed on instance <airplay-debian-85>.
E, [2016-09-28T15:45:46.950922 #3920] ERROR -- airplay-debian-85: ------Exception-------
E, [2016-09-28T15:45:46.951081 #3920] ERROR -- airplay-debian-85: Class: Kitchen::ShellOut::ShellCommandFailed
E, [2016-09-28T15:45:46.951162 #3920] ERROR -- airplay-debian-85: Message: Expected process to exit with [0], but received '1'
---- Begin output of vagrant up --no-provision --provider virtualbox ----
STDOUT: Bringing machine 'default' up with 'virtualbox' provider...
==> default: Box 'bento/debian-8.5' could not be found. Attempting to find and install...
    default: Box Provider: virtualbox
    default: Box Version: >= 0
==> default: Box file was not detected as metadata. Adding it directly...
==> default: Adding box 'bento/debian-8.5' (v0) for provider: virtualbox
    default: Downloading: 
[K    default: Progress: 0% (Rate: 0/s, Estimated time remaining: --:--:--)[K
STDERR: The "metadata.json" file for the box 'bento/debian-8.5' was not found.
Boxes require this file in order for Vagrant to determine the
provider it was made for. If you made the box, please add a
"metadata.json" file to it. If someone else made the box, please
notify the box creator that the box is corrupt. Documentation for
box file format can be found at the URL below:

https://www.vagrantup.com/docs/boxes/format.html
---- End output of vagrant up --no-provision --provider virtualbox ----
Ran vagrant up --no-provision --provider virtualbox returned 1
E, [2016-09-28T15:45:46.951335 #3920] ERROR -- airplay-debian-85: ----------------------
E, [2016-09-28T15:45:46.951426 #3920] ERROR -- airplay-debian-85: ------Backtrace-------
E, [2016-09-28T15:45:46.951449 #3920] ERROR -- airplay-debian-85: /opt/chefdk/embedded/lib/ruby/gems/2.1.0/gems/test-kitchen-1.11.1/lib/kitchen/shell_out.rb:73:in `rescue in run_command'
E, [2016-09-28T15:45:46.951471 #3920] ERROR -- airplay-debian-85: /opt/chefdk/embedded/lib/ruby/gems/2.1.0/gems/test-kitchen-1.11.1/lib/kitchen/shell_out.rb:61:in `run_command'
E, [2016-09-28T15:45:46.951667 #3920] ERROR -- airplay-debian-85: /Users/wolfgang/.chefdk/gem/ruby/2.1.0/gems/kitchen-vagrant-0.20.0/lib/kitchen/driver/vagrant.rb:343:in `run_command'
E, [2016-09-28T15:45:46.951770 #3920] ERROR -- airplay-debian-85: /Users/wolfgang/.chefdk/gem/ruby/2.1.0/gems/kitchen-vagrant-0.20.0/lib/kitchen/driver/vagrant.rb:302:in `run'
E, [2016-09-28T15:45:46.951856 #3920] ERROR -- airplay-debian-85: /Users/wolfgang/.chefdk/gem/ruby/2.1.0/gems/kitchen-vagrant-0.20.0/lib/kitchen/driver/vagrant.rb:373:in `run_vagrant_up'
E, [2016-09-28T15:45:46.952049 #3920] ERROR -- airplay-debian-85: /Users/wolfgang/.chefdk/gem/ruby/2.1.0/gems/kitchen-vagrant-0.20.0/lib/kitchen/driver/vagrant.rb:96:in `create'
E, [2016-09-28T15:45:46.952175 #3920] ERROR -- airplay-debian-85: /opt/chefdk/embedded/lib/ruby/gems/2.1.0/gems/test-kitchen-1.11.1/lib/kitchen/instance.rb:449:in `public_send'
E, [2016-09-28T15:45:46.952280 #3920] ERROR -- airplay-debian-85: /opt/chefdk/embedded/lib/ruby/gems/2.1.0/gems/test-kitchen-1.11.1/lib/kitchen/instance.rb:449:in `block in perform_action'
E, [2016-09-28T15:45:46.952318 #3920] ERROR -- airplay-debian-85: /opt/chefdk/embedded/lib/ruby/gems/2.1.0/gems/test-kitchen-1.11.1/lib/kitchen/instance.rb:510:in `call'
E, [2016-09-28T15:45:46.952340 #3920] ERROR -- airplay-debian-85: /opt/chefdk/embedded/lib/ruby/gems/2.1.0/gems/test-kitchen-1.11.1/lib/kitchen/instance.rb:510:in `block in synchronize_or_call'
E, [2016-09-28T15:45:46.952358 #3920] ERROR -- airplay-debian-85: /opt/chefdk/embedded/lib/ruby/gems/2.1.0/gems/test-kitchen-1.11.1/lib/kitchen/instance.rb:508:in `synchronize'
E, [2016-09-28T15:45:46.952412 #3920] ERROR -- airplay-debian-85: /opt/chefdk/embedded/lib/ruby/gems/2.1.0/gems/test-kitchen-1.11.1/lib/kitchen/instance.rb:508:in `synchronize_or_call'
E, [2016-09-28T15:45:46.952457 #3920] ERROR -- airplay-debian-85: /opt/chefdk/embedded/lib/ruby/gems/2.1.0/gems/test-kitchen-1.11.1/lib/kitchen/instance.rb:478:in `block in action'
E, [2016-09-28T15:45:46.952478 #3920] ERROR -- airplay-debian-85: /opt/chefdk/embedded/lib/ruby/2.1.0/benchmark.rb:279:in `measure'
E, [2016-09-28T15:45:46.952502 #3920] ERROR -- airplay-debian-85: /opt/chefdk/embedded/lib/ruby/gems/2.1.0/gems/test-kitchen-1.11.1/lib/kitchen/instance.rb:477:in `action'
E, [2016-09-28T15:45:46.952527 #3920] ERROR -- airplay-debian-85: /opt/chefdk/embedded/lib/ruby/gems/2.1.0/gems/test-kitchen-1.11.1/lib/kitchen/instance.rb:449:in `perform_action'
E, [2016-09-28T15:45:46.952549 #3920] ERROR -- airplay-debian-85: /opt/chefdk/embedded/lib/ruby/gems/2.1.0/gems/test-kitchen-1.11.1/lib/kitchen/instance.rb:359:in `create_action'
E, [2016-09-28T15:45:46.952572 #3920] ERROR -- airplay-debian-85: /opt/chefdk/embedded/lib/ruby/gems/2.1.0/gems/test-kitchen-1.11.1/lib/kitchen/instance.rb:348:in `block in transition_to'
E, [2016-09-28T15:45:46.952593 #3920] ERROR -- airplay-debian-85: /opt/chefdk/embedded/lib/ruby/gems/2.1.0/gems/test-kitchen-1.11.1/lib/kitchen/instance.rb:347:in `each'
E, [2016-09-28T15:45:46.952614 #3920] ERROR -- airplay-debian-85: /opt/chefdk/embedded/lib/ruby/gems/2.1.0/gems/test-kitchen-1.11.1/lib/kitchen/instance.rb:347:in `transition_to'
E, [2016-09-28T15:45:46.952696 #3920] ERROR -- airplay-debian-85: /opt/chefdk/embedded/lib/ruby/gems/2.1.0/gems/test-kitchen-1.11.1/lib/kitchen/instance.rb:138:in `converge'
E, [2016-09-28T15:45:46.952722 #3920] ERROR -- airplay-debian-85: /opt/chefdk/embedded/lib/ruby/gems/2.1.0/gems/test-kitchen-1.11.1/lib/kitchen/command.rb:201:in `public_send'
E, [2016-09-28T15:45:46.952741 #3920] ERROR -- airplay-debian-85: /opt/chefdk/embedded/lib/ruby/gems/2.1.0/gems/test-kitchen-1.11.1/lib/kitchen/command.rb:201:in `run_action_in_thread'
E, [2016-09-28T15:45:46.952766 #3920] ERROR -- airplay-debian-85: /opt/chefdk/embedded/lib/ruby/gems/2.1.0/gems/test-kitchen-1.11.1/lib/kitchen/command.rb:173:in `block (2 levels) in run_action'
E, [2016-09-28T15:45:46.952787 #3920] ERROR -- airplay-debian-85: ----End Backtrace-----
E, [2016-09-28T15:45:46.952810 #3920] ERROR -- airplay-debian-85: ---Nested Exception---
E, [2016-09-28T15:45:46.952848 #3920] ERROR -- airplay-debian-85: Class: Mixlib::ShellOut::ShellCommandFailed
E, [2016-09-28T15:45:46.952872 #3920] ERROR -- airplay-debian-85: Message: Expected process to exit with [0], but received '1'
---- Begin output of vagrant up --no-provision --provider virtualbox ----
STDOUT: Bringing machine 'default' up with 'virtualbox' provider...
==> default: Box 'bento/debian-8.5' could not be found. Attempting to find and install...
    default: Box Provider: virtualbox
    default: Box Version: >= 0
==> default: Box file was not detected as metadata. Adding it directly...
==> default: Adding box 'bento/debian-8.5' (v0) for provider: virtualbox
    default: Downloading: 
[K    default: Progress: 0% (Rate: 0/s, Estimated time remaining: --:--:--)[K
STDERR: The "metadata.json" file for the box 'bento/debian-8.5' was not found.
Boxes require this file in order for Vagrant to determine the
provider it was made for. If you made the box, please add a
"metadata.json" file to it. If someone else made the box, please
notify the box creator that the box is corrupt. Documentation for
box file format can be found at the URL below:

https://www.vagrantup.com/docs/boxes/format.html
---- End output of vagrant up --no-provision --provider virtualbox ----
Ran vagrant up --no-provision --provider virtualbox returned 1
E, [2016-09-28T15:45:46.952902 #3920] ERROR -- airplay-debian-85: ----------------------
E, [2016-09-28T15:45:46.952926 #3920] ERROR -- airplay-debian-85: ------Backtrace-------
E, [2016-09-28T15:45:46.952948 #3920] ERROR -- airplay-debian-85: /opt/chefdk/embedded/lib/ruby/gems/2.1.0/gems/test-kitchen-1.11.1/lib/kitchen/shell_out.rb:73:in `rescue in run_command'
E, [2016-09-28T15:45:46.952971 #3920] ERROR -- airplay-debian-85: /opt/chefdk/embedded/lib/ruby/gems/2.1.0/gems/test-kitchen-1.11.1/lib/kitchen/shell_out.rb:61:in `run_command'
E, [2016-09-28T15:45:46.953027 #3920] ERROR -- airplay-debian-85: /Users/wolfgang/.chefdk/gem/ruby/2.1.0/gems/kitchen-vagrant-0.20.0/lib/kitchen/driver/vagrant.rb:343:in `run_command'
E, [2016-09-28T15:45:46.953047 #3920] ERROR -- airplay-debian-85: /Users/wolfgang/.chefdk/gem/ruby/2.1.0/gems/kitchen-vagrant-0.20.0/lib/kitchen/driver/vagrant.rb:302:in `run'
E, [2016-09-28T15:45:46.953065 #3920] ERROR -- airplay-debian-85: /Users/wolfgang/.chefdk/gem/ruby/2.1.0/gems/kitchen-vagrant-0.20.0/lib/kitchen/driver/vagrant.rb:373:in `run_vagrant_up'
E, [2016-09-28T15:45:46.953086 #3920] ERROR -- airplay-debian-85: /Users/wolfgang/.chefdk/gem/ruby/2.1.0/gems/kitchen-vagrant-0.20.0/lib/kitchen/driver/vagrant.rb:96:in `create'
E, [2016-09-28T15:45:46.953104 #3920] ERROR -- airplay-debian-85: /opt/chefdk/embedded/lib/ruby/gems/2.1.0/gems/test-kitchen-1.11.1/lib/kitchen/instance.rb:449:in `public_send'
E, [2016-09-28T15:45:46.953122 #3920] ERROR -- airplay-debian-85: /opt/chefdk/embedded/lib/ruby/gems/2.1.0/gems/test-kitchen-1.11.1/lib/kitchen/instance.rb:449:in `block in perform_action'
E, [2016-09-28T15:45:46.953142 #3920] ERROR -- airplay-debian-85: /opt/chefdk/embedded/lib/ruby/gems/2.1.0/gems/test-kitchen-1.11.1/lib/kitchen/instance.rb:510:in `call'
E, [2016-09-28T15:45:46.953166 #3920] ERROR -- airplay-debian-85: /opt/chefdk/embedded/lib/ruby/gems/2.1.0/gems/test-kitchen-1.11.1/lib/kitchen/instance.rb:510:in `block in synchronize_or_call'
E, [2016-09-28T15:45:46.953187 #3920] ERROR -- airplay-debian-85: /opt/chefdk/embedded/lib/ruby/gems/2.1.0/gems/test-kitchen-1.11.1/lib/kitchen/instance.rb:508:in `synchronize'
E, [2016-09-28T15:45:46.953209 #3920] ERROR -- airplay-debian-85: /opt/chefdk/embedded/lib/ruby/gems/2.1.0/gems/test-kitchen-1.11.1/lib/kitchen/instance.rb:508:in `synchronize_or_call'
E, [2016-09-28T15:45:46.953230 #3920] ERROR -- airplay-debian-85: /opt/chefdk/embedded/lib/ruby/gems/2.1.0/gems/test-kitchen-1.11.1/lib/kitchen/instance.rb:478:in `block in action'
E, [2016-09-28T15:45:46.953250 #3920] ERROR -- airplay-debian-85: /opt/chefdk/embedded/lib/ruby/2.1.0/benchmark.rb:279:in `measure'
E, [2016-09-28T15:45:46.953268 #3920] ERROR -- airplay-debian-85: /opt/chefdk/embedded/lib/ruby/gems/2.1.0/gems/test-kitchen-1.11.1/lib/kitchen/instance.rb:477:in `action'
E, [2016-09-28T15:45:46.953320 #3920] ERROR -- airplay-debian-85: /opt/chefdk/embedded/lib/ruby/gems/2.1.0/gems/test-kitchen-1.11.1/lib/kitchen/instance.rb:449:in `perform_action'
E, [2016-09-28T15:45:46.953342 #3920] ERROR -- airplay-debian-85: /opt/chefdk/embedded/lib/ruby/gems/2.1.0/gems/test-kitchen-1.11.1/lib/kitchen/instance.rb:359:in `create_action'
E, [2016-09-28T15:45:46.953359 #3920] ERROR -- airplay-debian-85: /opt/chefdk/embedded/lib/ruby/gems/2.1.0/gems/test-kitchen-1.11.1/lib/kitchen/instance.rb:348:in `block in transition_to'
E, [2016-09-28T15:45:46.953377 #3920] ERROR -- airplay-debian-85: /opt/chefdk/embedded/lib/ruby/gems/2.1.0/gems/test-kitchen-1.11.1/lib/kitchen/instance.rb:347:in `each'
E, [2016-09-28T15:45:46.953402 #3920] ERROR -- airplay-debian-85: /opt/chefdk/embedded/lib/ruby/gems/2.1.0/gems/test-kitchen-1.11.1/lib/kitchen/instance.rb:347:in `transition_to'
E, [2016-09-28T15:45:46.953422 #3920] ERROR -- airplay-debian-85: /opt/chefdk/embedded/lib/ruby/gems/2.1.0/gems/test-kitchen-1.11.1/lib/kitchen/instance.rb:138:in `converge'
E, [2016-09-28T15:45:46.953440 #3920] ERROR -- airplay-debian-85: /opt/chefdk/embedded/lib/ruby/gems/2.1.0/gems/test-kitchen-1.11.1/lib/kitchen/command.rb:201:in `public_send'
E, [2016-09-28T15:45:46.953460 #3920] ERROR -- airplay-debian-85: /opt/chefdk/embedded/lib/ruby/gems/2.1.0/gems/test-kitchen-1.11.1/lib/kitchen/command.rb:201:in `run_action_in_thread'
E, [2016-09-28T15:45:46.953480 #3920] ERROR -- airplay-debian-85: /opt/chefdk/embedded/lib/ruby/gems/2.1.0/gems/test-kitchen-1.11.1/lib/kitchen/command.rb:173:in `block (2 levels) in run_action'
E, [2016-09-28T15:45:46.953503 #3920] ERROR -- airplay-debian-85: ----End Backtrace-----
